{
    "taskDefinition": {
        "taskDefinitionArn": "arn:aws:ecs:us-east-1:540771840545:task-definition/backend-flask:1",
        "containerDefinitions": [
            {
                "name": "backend-flask",
                "image": "540771840545.dkr.ecr.us-east-1.amazonaws.com/backend-flask",
                "cpu": 0,
                "portMappings": [
                    {
                        "containerPort": 4567,
                        "hostPort": 4567,
                        "protocol": "tcp",
                        "name": "backend-flask",
                        "appProtocol": "http"
                    }
                ],
                "essential": true,
                "environment": [
                    {
                        "name": "OTEL_SERVICE_NAME",
                        "value": "backend-flask"
                    },
                    {
                        "name": "AWS_DEFAULT_REGION",
                        "value": "us-east-1"
                    },
                    {
                        "name": "BACKEND_URL",
                        "value": "*"
                    },
                    {
                        "name": "AWS_COGNITO_USER_POOL_ID",
                        "value": "us-east-1_dh0ExXiP1"
                    },
                    {
                        "name": "AWS_COGNITO_USER_POOL_CLIENT_ID",
                        "value": "63q2l315cgptsl5mrauqbvab7a"
                    },
                    {
                        "name": "OTEL_EXPORTER_OTLP_ENDPOINT",
                        "value": "https://api.honeycomb.io"
                    },
                    {
                        "name": "FRONTEND_URL",
                        "value": "*"
                    }
                ],
                "mountPoints": [],
                "volumesFrom": [],
                "secrets": [
                    {
                        "name": "AWS_ACCESS_KEY_ID",
                        "valueFrom": "arn:aws:ssm:us-east-1:540771840545:parameter/cruddur/backend-flask/AWS_ACCESS_KEY_ID"
                    },
                    {
                        "name": "AWS_SECRET_ACCESS_KEY",
                        "valueFrom": "arn:aws:ssm:us-east-1:540771840545:parameter/cruddur/backend-flask/AWS_SECRET_ACCESS_KEY"
                    },
                    {
                        "name": "CONNECTION_URL",
                        "valueFrom": "arn:aws:ssm:us-east-1:540771840545:parameter/cruddur/backend-flask/CONNECTION_URL"
                    },
                    {
                        "name": "ROLLBAR_ACCESS_TOKEN",
                        "valueFrom": "arn:aws:ssm:us-east-1:540771840545:parameter/cruddur/backend-flask/ROLLBAR_ACCESS_TOKEN"
                    },
                    {
                        "name": "OTEL_EXPORTER_OTLP_HEADERS",
                        "valueFrom": "arn:aws:ssm:us-east-1:540771840545:parameter/cruddur/backend-flask/OTEL_EXPORTER_OTLP_HEADERS"
                    }
                ],
                "logConfiguration": {
                    "logDriver": "awslogs",
                    "options": {
                        "awslogs-group": "cruddur",
                        "awslogs-region": "us-east-1",
                        "awslogs-stream-prefix": "backend-flask"
                    }
                },
                "healthCheck": {
                    "command": [
                        "CMD-SHELL",
                        "python /backend-flask/bin/flask/health-check"
                    ],
                    "interval": 30,
                    "timeout": 5,
                    "retries": 3,
                    "startPeriod": 60
                }
            }
        ],
        "family": "backend-flask",
        "taskRoleArn": "arn:aws:iam::540771840545:role/CruddurTaskRole",
        "executionRoleArn": "arn:aws:iam::540771840545:role/CruddurServiceExecutionRole",
        "networkMode": "awsvpc",
        "revision": 1,
        "volumes": [],
        "status": "ACTIVE",
        "requiresAttributes": [
            {
                "name": "com.amazonaws.ecs.capability.logging-driver.awslogs"
            },
            {
                "name": "ecs.capability.execution-role-awslogs"
            },
            {
                "name": "com.amazonaws.ecs.capability.ecr-auth"
            },
            {
                "name": "com.amazonaws.ecs.capability.docker-remote-api.1.19"
            },
            {
                "name": "com.amazonaws.ecs.capability.task-iam-role"
            },
            {
                "name": "ecs.capability.container-health-check"
            },
            {
                "name": "ecs.capability.execution-role-ecr-pull"
            },
            {
                "name": "ecs.capability.secrets.ssm.environment-variables"
            },
            {
                "name": "com.amazonaws.ecs.capability.docker-remote-api.1.18"
            },
            {
                "name": "ecs.capability.task-eni"
            },
            {
                "name": "com.amazonaws.ecs.capability.docker-remote-api.1.29"
            }
        ],
        "placementConstraints": [],
        "compatibilities": [
            "EC2",
            "FARGATE"
        ],
        "requiresCompatibilities": [
            "FARGATE"
        ],
        "cpu": "256",
        "memory": "512",
        "registeredAt": "2023-04-13T21:26:42.575000+00:00",
        "registeredBy": "arn:aws:iam::540771840545:user/eggletop"
    }
}